mode: atomic
EpicScoreBot/internal/services/epic.go:24.68,29.2 1 23
EpicScoreBot/internal/services/epic.go:31.129,36.35 4 4
EpicScoreBot/internal/services/epic.go:36.35,39.3 2 1
EpicScoreBot/internal/services/epic.go:39.8,39.57 1 3
EpicScoreBot/internal/services/epic.go:39.57,42.3 2 1
EpicScoreBot/internal/services/epic.go:44.2,45.16 2 2
EpicScoreBot/internal/services/epic.go:45.16,48.3 2 1
EpicScoreBot/internal/services/epic.go:50.2,51.18 2 1
EpicScoreBot/internal/services/epic.go:54.96,56.2 1 1
EpicScoreBot/internal/services/epic.go:58.97,60.2 1 1
EpicScoreBot/internal/services/epic.go:62.106,64.2 1 1
EpicScoreBot/internal/services/epic.go:66.79,68.2 1 1
EpicScoreBot/internal/services/epic.go:70.116,72.2 1 1
EpicScoreBot/internal/services/epic.go:74.139,79.16 4 2
EpicScoreBot/internal/services/epic.go:79.16,82.3 2 1
EpicScoreBot/internal/services/epic.go:84.2,86.29 3 1
EpicScoreBot/internal/services/epic.go:86.29,88.17 2 2
EpicScoreBot/internal/services/epic.go:88.17,90.12 2 0
EpicScoreBot/internal/services/epic.go:92.3,92.27 1 2
EpicScoreBot/internal/services/epic.go:92.27,93.19 1 4
EpicScoreBot/internal/services/epic.go:93.19,96.5 2 3
EpicScoreBot/internal/services/epic.go:100.2,100.22 1 1
EpicScoreBot/internal/services/epic.go:103.107,105.2 1 1
EpicScoreBot/internal/services/epic.go:107.79,109.2 1 1
EpicScoreBot/internal/services/epic.go:111.133,113.2 1 1
EpicScoreBot/internal/services/epic.go:115.111,117.2 1 1
EpicScoreBot/internal/services/epic.go:119.102,121.2 1 1
EpicScoreBot/internal/services/epic.go:123.107,125.2 1 1
EpicScoreBot/internal/services/epic.go:127.120,129.2 1 2
EpicScoreBot/internal/services/epic.go:131.104,136.16 4 5
EpicScoreBot/internal/services/epic.go:136.16,139.3 2 1
EpicScoreBot/internal/services/epic.go:141.2,142.16 2 4
EpicScoreBot/internal/services/epic.go:142.16,145.3 2 1
EpicScoreBot/internal/services/epic.go:147.2,153.26 2 3
EpicScoreBot/internal/services/epic.go:153.26,161.26 2 3
EpicScoreBot/internal/services/epic.go:161.26,163.4 1 1
EpicScoreBot/internal/services/epic.go:166.3,167.17 2 3
EpicScoreBot/internal/services/epic.go:167.17,169.34 2 3
EpicScoreBot/internal/services/epic.go:169.34,171.65 2 2
EpicScoreBot/internal/services/epic.go:171.65,173.6 1 1
EpicScoreBot/internal/services/epic.go:174.5,178.33 2 2
EpicScoreBot/internal/services/epic.go:180.4,180.36 1 3
EpicScoreBot/internal/services/epic.go:181.9,183.4 1 0
EpicScoreBot/internal/services/epic.go:186.3,187.17 2 3
EpicScoreBot/internal/services/epic.go:187.17,188.28 1 3
EpicScoreBot/internal/services/epic.go:188.28,193.19 4 2
EpicScoreBot/internal/services/epic.go:193.19,194.36 1 2
EpicScoreBot/internal/services/epic.go:194.36,197.7 2 1
EpicScoreBot/internal/services/epic.go:200.5,202.31 3 2
EpicScoreBot/internal/services/epic.go:202.31,205.6 2 1
EpicScoreBot/internal/services/epic.go:205.11,207.6 1 1
EpicScoreBot/internal/services/epic.go:209.5,215.7 1 2
EpicScoreBot/internal/services/epic.go:217.9,219.4 1 0
EpicScoreBot/internal/services/epic.go:221.3,221.56 1 3
EpicScoreBot/internal/services/epic.go:224.2,224.24 1 3
EpicScoreBot/internal/services/risk.go:17.68,22.2 1 9
EpicScoreBot/internal/services/risk.go:24.115,26.2 1 2
EpicScoreBot/internal/services/risk.go:28.102,30.2 1 2
EpicScoreBot/internal/services/risk.go:32.96,34.2 1 2
EpicScoreBot/internal/services/risk.go:36.116,38.2 1 2
EpicScoreBot/internal/services/risk.go:40.107,42.2 1 2
EpicScoreBot/internal/services/risk.go:44.79,46.2 1 2
EpicScoreBot/internal/services/risk.go:48.117,50.2 1 2
EpicScoreBot/internal/services/risk.go:52.112,54.2 1 2
EpicScoreBot/internal/services/risk.go:56.107,58.2 1 2
EpicScoreBot/internal/services/role.go:17.68,22.2 1 5
EpicScoreBot/internal/services/role.go:24.79,26.2 1 2
EpicScoreBot/internal/services/role.go:28.96,30.2 1 2
EpicScoreBot/internal/services/role.go:32.100,34.2 1 2
EpicScoreBot/internal/services/role.go:36.91,38.2 1 2
EpicScoreBot/internal/services/role.go:40.91,42.2 1 2
EpicScoreBot/internal/services/team.go:20.68,25.2 1 14
EpicScoreBot/internal/services/team.go:27.103,32.35 4 4
EpicScoreBot/internal/services/team.go:32.35,35.3 2 1
EpicScoreBot/internal/services/team.go:35.8,35.57 1 3
EpicScoreBot/internal/services/team.go:35.57,38.3 2 1
EpicScoreBot/internal/services/team.go:40.2,41.16 2 2
EpicScoreBot/internal/services/team.go:41.16,44.3 2 1
EpicScoreBot/internal/services/team.go:46.2,47.18 2 1
EpicScoreBot/internal/services/team.go:50.93,52.2 1 1
EpicScoreBot/internal/services/team.go:54.96,56.2 1 1
EpicScoreBot/internal/services/team.go:58.79,60.2 1 1
EpicScoreBot/internal/services/team.go:62.111,64.2 1 1
EpicScoreBot/internal/services/team.go:66.91,71.16 4 5
EpicScoreBot/internal/services/team.go:71.16,74.3 2 1
EpicScoreBot/internal/services/team.go:76.2,77.16 2 4
EpicScoreBot/internal/services/team.go:77.16,78.27 1 3
EpicScoreBot/internal/services/team.go:78.27,79.22 1 1
EpicScoreBot/internal/services/team.go:79.22,82.5 2 1
EpicScoreBot/internal/services/team.go:86.2,87.16 2 3
EpicScoreBot/internal/services/team.go:87.16,90.3 2 1
EpicScoreBot/internal/services/team.go:92.2,93.12 2 2
EpicScoreBot/internal/services/team.go:96.91,98.2 1 1
EpicScoreBot/internal/services/user.go:20.68,25.2 1 12
EpicScoreBot/internal/services/user.go:27.129,32.35 4 4
EpicScoreBot/internal/services/user.go:32.35,35.3 2 1
EpicScoreBot/internal/services/user.go:35.8,35.57 1 3
EpicScoreBot/internal/services/user.go:35.57,38.3 2 1
EpicScoreBot/internal/services/user.go:40.2,41.16 2 2
EpicScoreBot/internal/services/user.go:41.16,44.3 2 1
EpicScoreBot/internal/services/user.go:46.2,47.18 2 1
EpicScoreBot/internal/services/user.go:50.106,52.2 1 1
EpicScoreBot/internal/services/user.go:54.96,56.2 1 1
EpicScoreBot/internal/services/user.go:58.102,60.2 1 1
EpicScoreBot/internal/services/user.go:62.79,64.2 1 1
EpicScoreBot/internal/services/user.go:66.79,68.2 1 1
EpicScoreBot/internal/services/user.go:70.111,72.2 1 1
EpicScoreBot/internal/services/user.go:74.97,76.2 1 1
EpicScoreBot/internal/services/user.go:78.99,80.2 1 1
