mode: atomic
EpicScoreBot/internal/scoring/scoring.go:20.57,25.2 1 31
EpicScoreBot/internal/scoring/scoring.go:30.104,34.16 3 12
EpicScoreBot/internal/scoring/scoring.go:34.16,36.3 1 2
EpicScoreBot/internal/scoring/scoring.go:38.2,38.22 1 10
EpicScoreBot/internal/scoring/scoring.go:38.22,40.3 1 1
EpicScoreBot/internal/scoring/scoring.go:42.2,45.28 3 9
EpicScoreBot/internal/scoring/scoring.go:45.28,47.17 2 10
EpicScoreBot/internal/scoring/scoring.go:47.17,49.4 1 1
EpicScoreBot/internal/scoring/scoring.go:50.3,52.19 3 9
EpicScoreBot/internal/scoring/scoring.go:55.2,55.22 1 8
EpicScoreBot/internal/scoring/scoring.go:55.22,57.3 1 1
EpicScoreBot/internal/scoring/scoring.go:59.2,59.39 1 7
EpicScoreBot/internal/scoring/scoring.go:64.53,66.9 2 16
EpicScoreBot/internal/scoring/scoring.go:67.21,68.14 1 5
EpicScoreBot/internal/scoring/scoring.go:69.20,70.14 1 4
EpicScoreBot/internal/scoring/scoring.go:71.20,72.14 1 3
EpicScoreBot/internal/scoring/scoring.go:73.10,74.14 1 4
EpicScoreBot/internal/scoring/scoring.go:81.102,85.16 3 8
EpicScoreBot/internal/scoring/scoring.go:85.16,87.3 1 2
EpicScoreBot/internal/scoring/scoring.go:89.2,89.26 1 6
EpicScoreBot/internal/scoring/scoring.go:89.26,91.3 1 1
EpicScoreBot/internal/scoring/scoring.go:93.2,96.32 3 5
EpicScoreBot/internal/scoring/scoring.go:96.32,98.17 2 6
EpicScoreBot/internal/scoring/scoring.go:98.17,100.4 1 1
EpicScoreBot/internal/scoring/scoring.go:101.3,104.19 4 5
EpicScoreBot/internal/scoring/scoring.go:107.2,107.22 1 4
EpicScoreBot/internal/scoring/scoring.go:107.22,109.3 1 1
EpicScoreBot/internal/scoring/scoring.go:111.2,111.39 1 3
EpicScoreBot/internal/scoring/scoring.go:116.87,123.16 4 8
EpicScoreBot/internal/scoring/scoring.go:123.16,125.3 1 1
EpicScoreBot/internal/scoring/scoring.go:127.2,128.16 2 7
EpicScoreBot/internal/scoring/scoring.go:128.16,130.3 1 1
EpicScoreBot/internal/scoring/scoring.go:132.2,133.16 2 6
EpicScoreBot/internal/scoring/scoring.go:133.16,135.3 1 1
EpicScoreBot/internal/scoring/scoring.go:137.2,138.16 2 5
EpicScoreBot/internal/scoring/scoring.go:138.16,140.3 1 1
EpicScoreBot/internal/scoring/scoring.go:142.2,142.34 1 4
EpicScoreBot/internal/scoring/scoring.go:142.34,148.3 2 1
EpicScoreBot/internal/scoring/scoring.go:150.2,151.16 2 3
EpicScoreBot/internal/scoring/scoring.go:151.16,153.3 1 1
EpicScoreBot/internal/scoring/scoring.go:155.2,155.80 1 2
EpicScoreBot/internal/scoring/scoring.go:155.80,157.3 1 1
EpicScoreBot/internal/scoring/scoring.go:159.2,165.51 2 1
EpicScoreBot/internal/scoring/scoring.go:170.87,177.16 4 14
EpicScoreBot/internal/scoring/scoring.go:177.16,179.3 1 1
EpicScoreBot/internal/scoring/scoring.go:181.2,181.40 1 13
EpicScoreBot/internal/scoring/scoring.go:181.40,183.3 1 2
EpicScoreBot/internal/scoring/scoring.go:185.2,186.16 2 11
EpicScoreBot/internal/scoring/scoring.go:186.16,188.3 1 1
EpicScoreBot/internal/scoring/scoring.go:190.2,191.16 2 10
EpicScoreBot/internal/scoring/scoring.go:191.16,193.3 1 1
EpicScoreBot/internal/scoring/scoring.go:195.2,195.34 1 9
EpicScoreBot/internal/scoring/scoring.go:195.34,201.3 2 1
EpicScoreBot/internal/scoring/scoring.go:204.2,205.16 2 8
EpicScoreBot/internal/scoring/scoring.go:205.16,207.3 1 1
EpicScoreBot/internal/scoring/scoring.go:209.2,210.33 2 7
EpicScoreBot/internal/scoring/scoring.go:210.33,212.17 2 7
EpicScoreBot/internal/scoring/scoring.go:212.17,214.4 1 1
EpicScoreBot/internal/scoring/scoring.go:216.3,216.78 1 6
EpicScoreBot/internal/scoring/scoring.go:216.78,218.4 1 1
EpicScoreBot/internal/scoring/scoring.go:220.3,220.23 1 5
EpicScoreBot/internal/scoring/scoring.go:224.2,225.16 2 5
EpicScoreBot/internal/scoring/scoring.go:225.16,227.3 1 1
EpicScoreBot/internal/scoring/scoring.go:229.2,229.29 1 4
EpicScoreBot/internal/scoring/scoring.go:229.29,230.41 1 5
EpicScoreBot/internal/scoring/scoring.go:230.41,235.4 2 1
EpicScoreBot/internal/scoring/scoring.go:239.2,240.29 2 3
EpicScoreBot/internal/scoring/scoring.go:240.29,241.32 1 3
EpicScoreBot/internal/scoring/scoring.go:241.32,244.4 2 3
EpicScoreBot/internal/scoring/scoring.go:248.2,250.74 2 3
EpicScoreBot/internal/scoring/scoring.go:250.74,252.3 1 1
EpicScoreBot/internal/scoring/scoring.go:254.2,259.12 2 2
